<?xml version="1.0" encoding="utf-8"?><testsuites name="pytest tests"><testsuite name="pytest" errors="0" failures="0" skipped="0" tests="7" time="1.509" timestamp="2026-07-05T19:06:42.575629+00:00" hostname="agent-env-0a7d47d4-d65b-495c-9196-5b5f0b4c2f0e"><testcase classname="backend.tests.test_analyze_api.TestRoot" name="test_root_message" time="0.241" /><testcase classname="backend.tests.test_analyze_api.TestAnalyze" name="test_analyze_mp4_supported" time="0.415" /><testcase classname="backend.tests.test_analyze_api.TestAnalyze" name="test_analyze_html_unsupported" time="0.237" /><testcase classname="backend.tests.test_analyze_api.TestAnalyze" name="test_analyze_missing_url" time="0.129" /><testcase classname="backend.tests.test_analyze_api.TestAnalyze" name="test_analyze_missing_url_field" time="0.091" /><testcase classname="backend.tests.test_analyze_api.TestAnalyze" name="test_analyze_unreachable_url" time="0.192" /><testcase classname="backend.tests.test_analyze_api.TestAnalyze" name="test_analyze_bad_scheme" time="0.132" /></testsuite></testsuites>