<?xml version="1.0" encoding="utf-8"?><testsuites name="pytest tests"><testsuite name="pytest" errors="0" failures="0" skipped="0" tests="9" time="5.746" timestamp="2026-07-05T19:47:47.713578+00:00" hostname="agent-env-0a7d47d4-d65b-495c-9196-5b5f0b4c2f0e"><testcase classname="backend.tests.test_analyze_api.TestRoot" name="test_root_message" time="0.280" /><testcase classname="backend.tests.test_analyze_api.TestAnalyze" name="test_analyze_mp4_supported" time="0.361" /><testcase classname="backend.tests.test_analyze_api.TestAnalyze" name="test_analyze_html_unsupported" time="0.794" /><testcase classname="backend.tests.test_analyze_api.TestAnalyze" name="test_analyze_missing_url" time="0.090" /><testcase classname="backend.tests.test_analyze_api.TestAnalyze" name="test_analyze_missing_url_field" time="0.098" /><testcase classname="backend.tests.test_analyze_api.TestAnalyze" name="test_analyze_unreachable_url" time="0.220" /><testcase classname="backend.tests.test_analyze_api.TestAnalyze" name="test_analyze_bad_scheme" time="0.095" /><testcase classname="backend.tests.test_analyze_api.TestAnalyze" name="test_analyze_xhamster_desi_friendly_error" time="2.637" /><testcase classname="backend.tests.test_analyze_api.TestAnalyze" name="test_analyze_youtube_short_ytdlp" time="1.083" /></testsuite></testsuites>